INFO:root:Запуск обновления данных ...
DEBUG:asyncio:Using selector: EpollSelector
DEBUG:aiohttp.client:Starting request <TraceRequestStartParams(method='GET', url=URL('https://api.apilayer.com/fixer/latest'), headers=<CIMultiDict('apikey': 'bTDJBjMrk57D0XezoEax9Mxnst3Cp0QC')>)>
INFO:root:Обновление завершено.
INFO:root:Запуск обновления данных ...
DEBUG:asyncio:Using selector: EpollSelector
DEBUG:aiohttp.client:Starting request <TraceRequestStartParams(method='GET', url=URL('https://api.apilayer.com/fixer/latest'), headers=<CIMultiDict('apikey': 'bTDJBjMrk57D0XezoEax9Mxnst3Cp0QC')>)>
DEBUG:aiohttp.client:Starting request <TraceRequestStartParams(method='GET', url=URL('https://api.apilayer.com/geo/country/regional_bloc/eu'), headers=<CIMultiDict('apikey': 'bTDJBjMrk57D0XezoEax9Mxnst3Cp0QC')>)>
DEBUG:aiohttp.client:Starting request <TraceRequestStartParams(method='GET', url=URL('https://api.openweathermap.org/data/2.5/weather'), headers=<CIMultiDict()>)>
DEBUG:aiohttp.client:Starting request <TraceRequestStartParams(method='GET', url=URL('https://api.openweathermap.org/data/2.5/weather'), headers=<CIMultiDict()>)>
DEBUG:aiohttp.client:Starting request <TraceRequestStartParams(method='GET', url=URL('https://api.openweathermap.org/data/2.5/weather'), headers=<CIMultiDict()>)>
DEBUG:aiohttp.client:Starting request <TraceRequestStartParams(method='GET', url=URL('https://api.openweathermap.org/data/2.5/weather'), headers=<CIMultiDict()>)>
DEBUG:aiohttp.client:Starting request <TraceRequestStartParams(method='GET', url=URL('https://api.openweathermap.org/data/2.5/weather'), headers=<CIMultiDict()>)>
DEBUG:aiohttp.client:Starting request <TraceRequestStartParams(method='GET', url=URL('https://api.openweathermap.org/data/2.5/weather'), headers=<CIMultiDict()>)>
DEBUG:aiohttp.client:Starting request <TraceRequestStartParams(method='GET', url=URL('https://api.openweathermap.org/data/2.5/weather'), headers=<CIMultiDict()>)>
DEBUG:aiohttp.client:Starting request <TraceRequestStartParams(method='GET', url=URL('https://api.openweathermap.org/data/2.5/weather'), headers=<CIMultiDict()>)>
DEBUG:aiohttp.client:Starting request <TraceRequestStartParams(method='GET', url=URL('https://api.openweathermap.org/data/2.5/weather'), headers=<CIMultiDict()>)>
DEBUG:aiohttp.client:Starting request <TraceRequestStartParams(method='GET', url=URL('https://api.openweathermap.org/data/2.5/weather'), headers=<CIMultiDict()>)>
DEBUG:aiohttp.client:Starting request <TraceRequestStartParams(method='GET', url=URL('https://api.openweathermap.org/data/2.5/weather'), headers=<CIMultiDict()>)>
DEBUG:aiohttp.client:Starting request <TraceRequestStartParams(method='GET', url=URL('https://api.openweathermap.org/data/2.5/weather'), headers=<CIMultiDict()>)>
DEBUG:aiohttp.client:Starting request <TraceRequestStartParams(method='GET', url=URL('https://api.openweathermap.org/data/2.5/weather'), headers=<CIMultiDict()>)>
DEBUG:aiohttp.client:Starting request <TraceRequestStartParams(method='GET', url=URL('https://api.openweathermap.org/data/2.5/weather'), headers=<CIMultiDict()>)>
DEBUG:aiohttp.client:Starting request <TraceRequestStartParams(method='GET', url=URL('https://api.openweathermap.org/data/2.5/weather'), headers=<CIMultiDict()>)>
DEBUG:aiohttp.client:Starting request <TraceRequestStartParams(method='GET', url=URL('https://api.openweathermap.org/data/2.5/weather'), headers=<CIMultiDict()>)>
DEBUG:aiohttp.client:Starting request <TraceRequestStartParams(method='GET', url=URL('https://api.openweathermap.org/data/2.5/weather'), headers=<CIMultiDict()>)>
DEBUG:aiohttp.client:Starting request <TraceRequestStartParams(method='GET', url=URL('https://api.openweathermap.org/data/2.5/weather'), headers=<CIMultiDict()>)>
DEBUG:aiohttp.client:Starting request <TraceRequestStartParams(method='GET', url=URL('https://api.openweathermap.org/data/2.5/weather'), headers=<CIMultiDict()>)>
DEBUG:aiohttp.client:Starting request <TraceRequestStartParams(method='GET', url=URL('https://api.openweathermap.org/data/2.5/weather'), headers=<CIMultiDict()>)>
DEBUG:aiohttp.client:Starting request <TraceRequestStartParams(method='GET', url=URL('https://api.openweathermap.org/data/2.5/weather'), headers=<CIMultiDict()>)>
DEBUG:aiohttp.client:Starting request <TraceRequestStartParams(method='GET', url=URL('https://api.openweathermap.org/data/2.5/weather'), headers=<CIMultiDict()>)>
DEBUG:aiohttp.client:Starting request <TraceRequestStartParams(method='GET', url=URL('https://api.openweathermap.org/data/2.5/weather'), headers=<CIMultiDict()>)>
DEBUG:aiohttp.client:Starting request <TraceRequestStartParams(method='GET', url=URL('https://api.openweathermap.org/data/2.5/weather'), headers=<CIMultiDict()>)>
DEBUG:aiohttp.client:Starting request <TraceRequestStartParams(method='GET', url=URL('https://api.openweathermap.org/data/2.5/weather'), headers=<CIMultiDict()>)>
DEBUG:aiohttp.client:Starting request <TraceRequestStartParams(method='GET', url=URL('https://api.openweathermap.org/data/2.5/weather'), headers=<CIMultiDict()>)>
DEBUG:aiohttp.client:Starting request <TraceRequestStartParams(method='GET', url=URL('https://api.openweathermap.org/data/2.5/weather'), headers=<CIMultiDict()>)>
DEBUG:aiohttp.client:Starting request <TraceRequestStartParams(method='GET', url=URL('https://api.openweathermap.org/data/2.5/weather'), headers=<CIMultiDict()>)>
DEBUG:aiohttp.client:Starting request <TraceRequestStartParams(method='GET', url=URL('https://api.openweathermap.org/data/2.5/weather'), headers=<CIMultiDict()>)>
DEBUG:aiohttp.client:Starting request <TraceRequestStartParams(method='GET', url=URL('https://api.openweathermap.org/data/2.5/weather'), headers=<CIMultiDict()>)>
DEBUG:aiohttp.client:Starting request <TraceRequestStartParams(method='GET', url=URL('https://api.openweathermap.org/data/2.5/weather'), headers=<CIMultiDict()>)>
DEBUG:aiohttp.client:Starting request <TraceRequestStartParams(method='GET', url=URL('https://api.openweathermap.org/data/2.5/weather'), headers=<CIMultiDict()>)>
DEBUG:aiohttp.client:Starting request <TraceRequestStartParams(method='GET', url=URL('https://api.openweathermap.org/data/2.5/weather'), headers=<CIMultiDict()>)>
DEBUG:aiohttp.client:Starting request <TraceRequestStartParams(method='GET', url=URL('https://api.openweathermap.org/data/2.5/weather'), headers=<CIMultiDict()>)>
DEBUG:aiohttp.client:Starting request <TraceRequestStartParams(method='GET', url=URL('https://api.openweathermap.org/data/2.5/weather'), headers=<CIMultiDict()>)>
DEBUG:aiohttp.client:Starting request <TraceRequestStartParams(method='GET', url=URL('https://api.openweathermap.org/data/2.5/weather'), headers=<CIMultiDict()>)>
DEBUG:aiohttp.client:Starting request <TraceRequestStartParams(method='GET', url=URL('https://api.openweathermap.org/data/2.5/weather'), headers=<CIMultiDict()>)>
DEBUG:aiohttp.client:Starting request <TraceRequestStartParams(method='GET', url=URL('https://api.openweathermap.org/data/2.5/weather'), headers=<CIMultiDict()>)>
DEBUG:aiohttp.client:Starting request <TraceRequestStartParams(method='GET', url=URL('https://api.openweathermap.org/data/2.5/weather'), headers=<CIMultiDict()>)>
DEBUG:aiohttp.client:Starting request <TraceRequestStartParams(method='GET', url=URL('https://api.openweathermap.org/data/2.5/weather'), headers=<CIMultiDict()>)>
DEBUG:aiohttp.client:Starting request <TraceRequestStartParams(method='GET', url=URL('https://api.openweathermap.org/data/2.5/weather'), headers=<CIMultiDict()>)>
DEBUG:aiohttp.client:Starting request <TraceRequestStartParams(method='GET', url=URL('https://api.openweathermap.org/data/2.5/weather'), headers=<CIMultiDict()>)>
DEBUG:aiohttp.client:Starting request <TraceRequestStartParams(method='GET', url=URL('https://api.openweathermap.org/data/2.5/weather'), headers=<CIMultiDict()>)>
DEBUG:aiohttp.client:Starting request <TraceRequestStartParams(method='GET', url=URL('https://api.openweathermap.org/data/2.5/weather'), headers=<CIMultiDict()>)>
DEBUG:aiohttp.client:Starting request <TraceRequestStartParams(method='GET', url=URL('https://api.openweathermap.org/data/2.5/weather'), headers=<CIMultiDict()>)>
DEBUG:aiohttp.client:Starting request <TraceRequestStartParams(method='GET', url=URL('https://api.openweathermap.org/data/2.5/weather'), headers=<CIMultiDict()>)>
DEBUG:aiohttp.client:Starting request <TraceRequestStartParams(method='GET', url=URL('https://api.openweathermap.org/data/2.5/weather'), headers=<CIMultiDict()>)>
DEBUG:aiohttp.client:Starting request <TraceRequestStartParams(method='GET', url=URL('https://api.openweathermap.org/data/2.5/weather'), headers=<CIMultiDict()>)>
DEBUG:aiohttp.client:Starting request <TraceRequestStartParams(method='GET', url=URL('https://api.openweathermap.org/data/2.5/weather'), headers=<CIMultiDict()>)>
INFO:root:Обновление завершено.
INFO:root:Запуск обновления данных ...
DEBUG:asyncio:Using selector: EpollSelector
DEBUG:aiohttp.client:Starting request <TraceRequestStartParams(method='GET', url=URL('https://api.apilayer.com/fixer/latest'), headers=<CIMultiDict('apikey': 'bTDJBjMrk57D0XezoEax9Mxnst3Cp0QC')>)>
INFO:root:Обновление завершено.
INFO:root:Запуск обновления данных ...
DEBUG:asyncio:Using selector: EpollSelector
DEBUG:aiohttp.client:Starting request <TraceRequestStartParams(method='GET', url=URL('https://api.apilayer.com/fixer/latest'), headers=<CIMultiDict('apikey': 'bTDJBjMrk57D0XezoEax9Mxnst3Cp0QC')>)>
INFO:root:Обновление завершено.
INFO:root:Запуск обновления данных ...
DEBUG:asyncio:Using selector: EpollSelector
DEBUG:aiohttp.client:Starting request <TraceRequestStartParams(method='GET', url=URL('https://api.apilayer.com/fixer/latest'), headers=<CIMultiDict('apikey': 'bTDJBjMrk57D0XezoEax9Mxnst3Cp0QC')>)>
INFO:root:Обновление завершено.
INFO:root:Запуск обновления данных ...
DEBUG:asyncio:Using selector: EpollSelector
DEBUG:aiohttp.client:Starting request <TraceRequestStartParams(method='GET', url=URL('https://api.apilayer.com/fixer/latest'), headers=<CIMultiDict('apikey': 'bTDJBjMrk57D0XezoEax9Mxnst3Cp0QC')>)>
INFO:root:Обновление завершено.
INFO:root:Запуск обновления данных ...
DEBUG:asyncio:Using selector: EpollSelector
DEBUG:aiohttp.client:Starting request <TraceRequestStartParams(method='GET', url=URL('https://api.apilayer.com/fixer/latest'), headers=<CIMultiDict('apikey': 'bTDJBjMrk57D0XezoEax9Mxnst3Cp0QC')>)>
INFO:root:Обновление завершено.
INFO:root:Запуск обновления данных ...
DEBUG:asyncio:Using selector: EpollSelector
DEBUG:aiohttp.client:Starting request <TraceRequestStartParams(method='GET', url=URL('https://api.apilayer.com/fixer/latest'), headers=<CIMultiDict('apikey': 'bTDJBjMrk57D0XezoEax9Mxnst3Cp0QC')>)>
INFO:root:Обновление завершено.
INFO:root:Запуск обновления данных ...
DEBUG:asyncio:Using selector: EpollSelector
DEBUG:aiohttp.client:Starting request <TraceRequestStartParams(method='GET', url=URL('https://api.apilayer.com/fixer/latest'), headers=<CIMultiDict('apikey': 'bTDJBjMrk57D0XezoEax9Mxnst3Cp0QC')>)>
INFO:root:Обновление завершено.
INFO:root:Запуск обновления данных ...
DEBUG:asyncio:Using selector: EpollSelector
DEBUG:aiohttp.client:Starting request <TraceRequestStartParams(method='GET', url=URL('https://api.apilayer.com/fixer/latest'), headers=<CIMultiDict('apikey': 'bTDJBjMrk57D0XezoEax9Mxnst3Cp0QC')>)>
INFO:root:Обновление завершено.
INFO:root:Запуск обновления данных ...
DEBUG:asyncio:Using selector: EpollSelector
DEBUG:aiohttp.client:Starting request <TraceRequestStartParams(method='GET', url=URL('https://api.apilayer.com/fixer/latest'), headers=<CIMultiDict('apikey': 'bTDJBjMrk57D0XezoEax9Mxnst3Cp0QC')>)>
INFO:root:Обновление завершено.
INFO:root:Запуск обновления данных ...
DEBUG:asyncio:Using selector: EpollSelector
DEBUG:aiohttp.client:Starting request <TraceRequestStartParams(method='GET', url=URL('https://api.apilayer.com/fixer/latest'), headers=<CIMultiDict('apikey': 'bTDJBjMrk57D0XezoEax9Mxnst3Cp0QC')>)>
INFO:root:Обновление завершено.
INFO:root:Запуск обновления данных ...
DEBUG:asyncio:Using selector: EpollSelector
DEBUG:aiohttp.client:Starting request <TraceRequestStartParams(method='GET', url=URL('https://api.apilayer.com/fixer/latest'), headers=<CIMultiDict('apikey': 'bTDJBjMrk57D0XezoEax9Mxnst3Cp0QC')>)>
INFO:root:Обновление завершено.
INFO:root:Запуск обновления данных ...
DEBUG:asyncio:Using selector: EpollSelector
DEBUG:aiohttp.client:Starting request <TraceRequestStartParams(method='GET', url=URL('https://api.apilayer.com/fixer/latest'), headers=<CIMultiDict('apikey': 'bTDJBjMrk57D0XezoEax9Mxnst3Cp0QC')>)>
INFO:root:Обновление завершено.
INFO:root:Запуск обновления данных ...
DEBUG:asyncio:Using selector: EpollSelector
DEBUG:aiohttp.client:Starting request <TraceRequestStartParams(method='GET', url=URL('https://api.apilayer.com/fixer/latest'), headers=<CIMultiDict('apikey': 'bTDJBjMrk57D0XezoEax9Mxnst3Cp0QC')>)>
DEBUG:aiohttp.client:Starting request <TraceRequestStartParams(method='GET', url=URL('https://api.apilayer.com/geo/country/regional_bloc/eu'), headers=<CIMultiDict('apikey': 'bTDJBjMrk57D0XezoEax9Mxnst3Cp0QC')>)>
INFO:root:Обновление завершено.
INFO:root:Запуск обновления данных ...
DEBUG:asyncio:Using selector: EpollSelector
DEBUG:aiohttp.client:Starting request <TraceRequestStartParams(method='GET', url=URL('https://api.apilayer.com/fixer/latest'), headers=<CIMultiDict('apikey': 'bTDJBjMrk57D0XezoEax9Mxnst3Cp0QC')>)>
DEBUG:aiohttp.client:Starting request <TraceRequestStartParams(method='GET', url=URL('https://api.openweathermap.org/data/2.5/weather'), headers=<CIMultiDict()>)>
DEBUG:aiohttp.client:Starting request <TraceRequestStartParams(method='GET', url=URL('https://api.openweathermap.org/data/2.5/weather'), headers=<CIMultiDict()>)>
DEBUG:aiohttp.client:Starting request <TraceRequestStartParams(method='GET', url=URL('https://api.openweathermap.org/data/2.5/weather'), headers=<CIMultiDict()>)>
DEBUG:aiohttp.client:Starting request <TraceRequestStartParams(method='GET', url=URL('https://api.openweathermap.org/data/2.5/weather'), headers=<CIMultiDict()>)>
DEBUG:aiohttp.client:Starting request <TraceRequestStartParams(method='GET', url=URL('https://api.openweathermap.org/data/2.5/weather'), headers=<CIMultiDict()>)>
DEBUG:aiohttp.client:Starting request <TraceRequestStartParams(method='GET', url=URL('https://api.openweathermap.org/data/2.5/weather'), headers=<CIMultiDict()>)>
DEBUG:aiohttp.client:Starting request <TraceRequestStartParams(method='GET', url=URL('https://api.openweathermap.org/data/2.5/weather'), headers=<CIMultiDict()>)>
DEBUG:aiohttp.client:Starting request <TraceRequestStartParams(method='GET', url=URL('https://api.openweathermap.org/data/2.5/weather'), headers=<CIMultiDict()>)>
DEBUG:aiohttp.client:Starting request <TraceRequestStartParams(method='GET', url=URL('https://api.openweathermap.org/data/2.5/weather'), headers=<CIMultiDict()>)>
DEBUG:aiohttp.client:Starting request <TraceRequestStartParams(method='GET', url=URL('https://api.openweathermap.org/data/2.5/weather'), headers=<CIMultiDict()>)>
DEBUG:aiohttp.client:Starting request <TraceRequestStartParams(method='GET', url=URL('https://api.openweathermap.org/data/2.5/weather'), headers=<CIMultiDict()>)>
DEBUG:aiohttp.client:Starting request <TraceRequestStartParams(method='GET', url=URL('https://api.openweathermap.org/data/2.5/weather'), headers=<CIMultiDict()>)>
DEBUG:aiohttp.client:Starting request <TraceRequestStartParams(method='GET', url=URL('https://api.openweathermap.org/data/2.5/weather'), headers=<CIMultiDict()>)>
DEBUG:aiohttp.client:Starting request <TraceRequestStartParams(method='GET', url=URL('https://api.openweathermap.org/data/2.5/weather'), headers=<CIMultiDict()>)>
DEBUG:aiohttp.client:Starting request <TraceRequestStartParams(method='GET', url=URL('https://api.openweathermap.org/data/2.5/weather'), headers=<CIMultiDict()>)>
DEBUG:aiohttp.client:Starting request <TraceRequestStartParams(method='GET', url=URL('https://api.openweathermap.org/data/2.5/weather'), headers=<CIMultiDict()>)>
DEBUG:aiohttp.client:Starting request <TraceRequestStartParams(method='GET', url=URL('https://api.openweathermap.org/data/2.5/weather'), headers=<CIMultiDict()>)>
DEBUG:aiohttp.client:Starting request <TraceRequestStartParams(method='GET', url=URL('https://api.openweathermap.org/data/2.5/weather'), headers=<CIMultiDict()>)>
DEBUG:aiohttp.client:Starting request <TraceRequestStartParams(method='GET', url=URL('https://api.openweathermap.org/data/2.5/weather'), headers=<CIMultiDict()>)>
DEBUG:aiohttp.client:Starting request <TraceRequestStartParams(method='GET', url=URL('https://api.openweathermap.org/data/2.5/weather'), headers=<CIMultiDict()>)>
DEBUG:aiohttp.client:Starting request <TraceRequestStartParams(method='GET', url=URL('https://api.openweathermap.org/data/2.5/weather'), headers=<CIMultiDict()>)>
DEBUG:aiohttp.client:Starting request <TraceRequestStartParams(method='GET', url=URL('https://api.openweathermap.org/data/2.5/weather'), headers=<CIMultiDict()>)>
DEBUG:aiohttp.client:Starting request <TraceRequestStartParams(method='GET', url=URL('https://api.openweathermap.org/data/2.5/weather'), headers=<CIMultiDict()>)>
DEBUG:aiohttp.client:Starting request <TraceRequestStartParams(method='GET', url=URL('https://api.openweathermap.org/data/2.5/weather'), headers=<CIMultiDict()>)>
DEBUG:aiohttp.client:Starting request <TraceRequestStartParams(method='GET', url=URL('https://api.openweathermap.org/data/2.5/weather'), headers=<CIMultiDict()>)>
DEBUG:aiohttp.client:Starting request <TraceRequestStartParams(method='GET', url=URL('https://api.openweathermap.org/data/2.5/weather'), headers=<CIMultiDict()>)>
DEBUG:aiohttp.client:Starting request <TraceRequestStartParams(method='GET', url=URL('https://api.openweathermap.org/data/2.5/weather'), headers=<CIMultiDict()>)>
DEBUG:aiohttp.client:Starting request <TraceRequestStartParams(method='GET', url=URL('https://api.openweathermap.org/data/2.5/weather'), headers=<CIMultiDict()>)>
DEBUG:aiohttp.client:Starting request <TraceRequestStartParams(method='GET', url=URL('https://api.openweathermap.org/data/2.5/weather'), headers=<CIMultiDict()>)>
DEBUG:aiohttp.client:Starting request <TraceRequestStartParams(method='GET', url=URL('https://api.openweathermap.org/data/2.5/weather'), headers=<CIMultiDict()>)>
DEBUG:aiohttp.client:Starting request <TraceRequestStartParams(method='GET', url=URL('https://api.openweathermap.org/data/2.5/weather'), headers=<CIMultiDict()>)>
DEBUG:aiohttp.client:Starting request <TraceRequestStartParams(method='GET', url=URL('https://api.openweathermap.org/data/2.5/weather'), headers=<CIMultiDict()>)>
DEBUG:aiohttp.client:Starting request <TraceRequestStartParams(method='GET', url=URL('https://api.openweathermap.org/data/2.5/weather'), headers=<CIMultiDict()>)>
DEBUG:aiohttp.client:Starting request <TraceRequestStartParams(method='GET', url=URL('https://api.openweathermap.org/data/2.5/weather'), headers=<CIMultiDict()>)>
DEBUG:aiohttp.client:Starting request <TraceRequestStartParams(method='GET', url=URL('https://api.openweathermap.org/data/2.5/weather'), headers=<CIMultiDict()>)>
DEBUG:aiohttp.client:Starting request <TraceRequestStartParams(method='GET', url=URL('https://api.openweathermap.org/data/2.5/weather'), headers=<CIMultiDict()>)>
DEBUG:aiohttp.client:Starting request <TraceRequestStartParams(method='GET', url=URL('https://api.openweathermap.org/data/2.5/weather'), headers=<CIMultiDict()>)>
DEBUG:aiohttp.client:Starting request <TraceRequestStartParams(method='GET', url=URL('https://api.openweathermap.org/data/2.5/weather'), headers=<CIMultiDict()>)>
DEBUG:aiohttp.client:Starting request <TraceRequestStartParams(method='GET', url=URL('https://api.openweathermap.org/data/2.5/weather'), headers=<CIMultiDict()>)>
DEBUG:aiohttp.client:Starting request <TraceRequestStartParams(method='GET', url=URL('https://api.openweathermap.org/data/2.5/weather'), headers=<CIMultiDict()>)>
DEBUG:aiohttp.client:Starting request <TraceRequestStartParams(method='GET', url=URL('https://api.openweathermap.org/data/2.5/weather'), headers=<CIMultiDict()>)>
DEBUG:aiohttp.client:Starting request <TraceRequestStartParams(method='GET', url=URL('https://api.openweathermap.org/data/2.5/weather'), headers=<CIMultiDict()>)>
DEBUG:aiohttp.client:Starting request <TraceRequestStartParams(method='GET', url=URL('https://api.openweathermap.org/data/2.5/weather'), headers=<CIMultiDict()>)>
DEBUG:aiohttp.client:Starting request <TraceRequestStartParams(method='GET', url=URL('https://api.openweathermap.org/data/2.5/weather'), headers=<CIMultiDict()>)>
DEBUG:aiohttp.client:Starting request <TraceRequestStartParams(method='GET', url=URL('https://api.openweathermap.org/data/2.5/weather'), headers=<CIMultiDict()>)>
DEBUG:aiohttp.client:Starting request <TraceRequestStartParams(method='GET', url=URL('https://api.openweathermap.org/data/2.5/weather'), headers=<CIMultiDict()>)>
DEBUG:aiohttp.client:Starting request <TraceRequestStartParams(method='GET', url=URL('https://api.openweathermap.org/data/2.5/weather'), headers=<CIMultiDict()>)>
DEBUG:aiohttp.client:Starting request <TraceRequestStartParams(method='GET', url=URL('https://api.openweathermap.org/data/2.5/weather'), headers=<CIMultiDict()>)>
DEBUG:aiohttp.client:Starting request <TraceRequestStartParams(method='GET', url=URL('https://api.openweathermap.org/data/2.5/weather'), headers=<CIMultiDict()>)>
INFO:root:Обновление завершено.
INFO:root:Запуск обновления данных ...
DEBUG:asyncio:Using selector: EpollSelector
DEBUG:aiohttp.client:Starting request <TraceRequestStartParams(method='GET', url=URL('https://api.apilayer.com/fixer/latest'), headers=<CIMultiDict('apikey': 'bTDJBjMrk57D0XezoEax9Mxnst3Cp0QC')>)>
INFO:root:Обновление завершено.
